app/proguard-rules.pro
##---------------Begin: proguard configuration common for all Android apps ----------
-optimizationpasses 5
-dontusemixedcaseclassnames
-dontskipnonpubliclibraryclasses
-dontskipnonpubliclibraryclassmembers
-dontpreverify
-verbose
-dump class_files.txt
-printseeds seeds.txt
-printusage unused.txt
-printmapping mapping.txt
-optimizations !code/simplification/arithmetic,!field/*,!class/merging/*

-allowaccessmodification
-keepattributes *Annotation*
-renamesourcefileattribute SourceFile
-keepattributes SourceFile,LineNumberTable

-keep class module-info
-keepattributes Module*
-dontwarn module-info

-keep public class * extends android.app.Activity
-keep public class * extends android.app.Application
-keep public class * extends android.app.Service
-keep public class * extends android.content.BroadcastReceiver
-keep public class * extends android.content.ContentProvider
-keep public class * extends android.app.backup.BackupAgentHelper
-keep public class * extends android.preference.Preference
-keep public class * extends android.animation.ValueAnimator

-keepclassmembers class * implements java.io.Serializable {
    static final long serialVersionUID;
    private static final java.io.ObjectStreamField[] serialPersistentFields;
    private void writeObject(java.io.ObjectOutputStream);
    private void readObject(java.io.ObjectInputStream);
    java.lang.Object writeReplace();
    java.lang.Object readResolve();
}

-keepclasseswithmembernames class * {
    native <methods>;
}

-keepclasseswithmembers class * {
public <init>(android.content.Context, android.util.AttributeSet);
}

-keepclasseswithmembers class * {
public <init>(android.content.Context, android.util.AttributeSet, int);
}

-keepclassmembers class * extends android.app.Activity {
public void *(android.view.View);
}

-keepclassmembers class **.R$* {
  public static <fields>;
}

-keepclassmembers enum * {
    public static **[] values();
    public static ** valueOf(java.lang.String);
}

-keep class * implements android.os.Parcelable {
  public static final android.os.Parcelable$Creator *;
}

-assumenosideeffects class android.util.Log {
    public static *** d(...);
    public static *** v(...);
    public static *** e(...);
    public static *** i(...);
}

-keepclassmembers public class * extends android.view.View {
   void set*(***);
   *** get*();
}

-keep class com.google.mlkit.** { *;}

-keep class **.dao.**{
   *;
}

-keep class **.entities.**{
   *;
}

-keep class * extends androidx.viewbinding.ViewBinding{
   *;
}

-keep class * implements androidx.startup.Initializer {
   *;
}