app/seeds.txt
com.simple.phonetics.domain.entities.PhoneticsCode
com.simple.phonetics.databinding.ItemConfigNormalBinding
com.simple.phonetics.databinding.ItemPhoneticsLoadingBinding
com.simple.phonetics.data.dao.RoomPhonetics
com.simple.phonetics.databinding.ItemPhoneticsBinding
com.simple.phonetics.PhoneticsApp
com.simple.phonetics.domain.entities.Sentence
com.simple.phonetics.domain.entities.Phonetics
com.simple.phonetics.ui.phonetics.config.PhoneticsConfigFragment
com.simple.phonetics.databinding.FragmentPhoneticsBinding
com.simple.phonetics.databinding.ItemVoiceSpeedBinding
com.simple.phonetics.databinding.ActivityMainBinding
com.simple.phonetics.ui.phonetics.PhoneticsFragment
com.simple.phonetics.data.dao.HashMapConverter
com.simple.phonetics.data.api.Api
com.simple.phonetics.databinding.ItemPhoneticsHistoryBinding
com.simple.phonetics.data.dao.ListStringConverter$listStringToString$1
com.simple.phonetics.data.dao.PhoneticsDao_Impl$2
com.simple.phonetics.data.dao.PhoneticsDao_Impl$1
com.simple.phonetics.databinding.ItemTitleBinding
com.simple.phonetics.databinding.FragmentConfigBinding
com.simple.phonetics.data.dao.PhoneticsHistoryDao
com.simple.phonetics.data.dao.PhoneticsRoomDatabase_Impl$1
com.simple.phonetics.utils.view.shape.ShapeFrameLayout
com.simple.phonetics.data.dao.PhoneticsRoomDatabase_Impl
com.simple.phonetics.databinding.ItemSentenceBinding
com.simple.phonetics.data.dao.ListStringConverter
com.simple.phonetics.data.dao.PhoneticsHistoryDaoKt
com.simple.phonetics.ui.MainActivity
com.simple.phonetics.data.dao.PhoneticsHistoryDao_Impl$1
com.simple.phonetics.data.dao.RoomPhoneticHistory
com.simple.phonetics.data.dao.PhoneticsDao
com.simple.phonetics.data.dao.PhoneticsHistoryDao_Impl$2
com.simple.phonetics.data.dao.PhoneticsDaoKt
com.simple.phonetics.data.dao.PhoneticsHistoryDao_Impl
com.simple.phonetics.data.dao.HashMapConverter$stringToHashMap$$inlined$toObjectOrNull$1
com.simple.phonetics.data.dao.PhoneticsHistoryDao_Impl$3
com.simple.phonetics.data.dao.PhoneticsRoomDatabaseKt
com.simple.phonetics.data.dao.PhoneticsDao_Impl
com.simple.phonetics.data.dao.PhoneticsRoomDatabase
com.simple.phonetics.databinding.ItemPhoneticsBinding: android.widget.TextView tvText
com.simple.phonetics.databinding.ItemSentenceBinding: android.view.View vDivider
com.simple.phonetics.R$id: int iv_read
com.simple.phonetics.data.dao.RoomPhonetics: java.util.HashMap ipa
com.simple.phonetics.R$layout: int item_title
com.simple.phonetics.R$string: int title_phonetic
com.simple.phonetics.domain.entities.PhoneticsCode: java.lang.String value
com.simple.phonetics.R$id: int et_text
com.simple.phonetics.data.dao.PhoneticsHistoryDao_Impl$2: com.simple.phonetics.data.dao.PhoneticsHistoryDao_Impl this$0
com.simple.phonetics.databinding.ItemPhoneticsBinding: androidx.constraintlayout.widget.ConstraintLayout rootView
com.simple.phonetics.domain.entities.PhoneticsCode: com.simple.phonetics.domain.entities.PhoneticsCode[] $VALUES
com.simple.phonetics.R$string: int message_support_translate
com.simple.phonetics.domain.entities.Sentence: java.lang.String text
com.simple.phonetics.R$string: int title_voice_speed
com.simple.phonetics.databinding.FragmentPhoneticsBinding: android.widget.ImageView ivPicture
com.simple.phonetics.R$layout: int fragment_phonetics
com.simple.phonetics.data.dao.ListStringConverter$listStringToString$1: com.simple.phonetics.data.dao.ListStringConverter$listStringToString$1 INSTANCE
com.simple.phonetics.databinding.ItemSentenceBinding: androidx.constraintlayout.widget.ConstraintLayout rootView
com.simple.phonetics.databinding.FragmentPhoneticsBinding: com.google.android.material.appbar.AppBarLayout appBarLayout
com.simple.phonetics.R$id: int iv_stop
com.simple.phonetics.R$id: int iv_paste
com.simple.phonetics.R$layout: int item_phonetics_loading
com.simple.phonetics.databinding.FragmentPhoneticsBinding: androidx.core.widget.NestedScrollView nestedScrollView
com.simple.phonetics.databinding.ItemSentenceBinding: android.widget.TextView tvText
...
com.google.android.material.R$styleable: int ConstraintSet_layout_constrainedWidth
androidx.constraintlayout.widget.R$styleable: int ConstraintOverride_pivotAnchor
com.google.android.material.R$layout: int abc_activity_chooser_view_list_item
com.google.android.material.R$layout: int abc_alert_dialog_title_material
com.google.android.libraries.vision.visionkit.pipeline.zbca: boolean zbh
androidx.appcompat.R$style: int Base_TextAppearance_AppCompat_SearchResult
com.google.android.material.R$style: int Widget_MaterialComponents_BottomNavigationView_Colored
com.google.android.material.R$styleable: int AppCompatTheme_autoCompleteTextViewStyle
androidx.appcompat.R$attr: int actionModeTheme
com.google.android.material.R$color: int abc_btn_colored_borderless_text_material
com.permissionx.guolindev.R$id: int customPanel
com.google.android.gms.internal.mlkit_vision_text_bundled_common.zbgp: com.google.android.gms.internal.mlkit_vision_text_bundled_common.zbgp zbb
androidx.constraintlayout.widget.R$styleable: int ConstraintSet_layout_constraintBaseline_toBaselineOf
androidx.appcompat.R$style: int Base_TextAppearance_AppCompat_Headline
com.google.android.material.R$dimen: int abc_text_size_subhead_material
androidx.swiperefreshlayout.R$styleable: int ColorStateListItem_android_lStar
androidx.preference.R$styleable: int SwitchPreferenceCompat_android_summaryOn
androidx.preference.R$id: int accessibility_custom_action_6
com.google.android.material.R$id: int icon_group
com.google.android.gms.internal.mlkit_vision_text_bundled_common.zbrh: int zbe
com.airbnb.lottie.R$styleable: int ViewBackgroundHelper_backgroundTintMode
com.google.android.gms.internal.mlkit_vision_text_bundled_common.zbmu: com.google.android.gms.internal.mlkit_vision_text_bundled_common.zbut zbh
com.google.android.gms.internal.mlkit_vision_text_bundled_common.zbdn: com.google.android.gms.internal.mlkit_vision_text_bundled_common.zbdn zbb
com.google.android.gms.internal.mlkit_vision_text_bundled_common.zbyw: int zbg
com.google.android.material.R$attr: int cardPreventCornerOverlap
androidx.preference.R$attr: int popupMenuStyle
androidx.preference.R$styleable: int LinearLayoutCompat_divider
com.google.android.material.R$string: int mtrl_picker_confirm
com.google.android.material.R$id: int material_clock_display
com.google.android.gms.internal.mlkit_vision_text_bundled_common.zbabi: boolean zbo
com.google.android.material.R$styleable: int ConstraintLayout_Layout_flow_verticalBias
com.google.android.material.R$id: int confirm_button
com.google.android.material.R$dimen: int m3_btn_text_btn_padding_right
com.airbnb.lottie.R$styleable: int LinearLayoutCompat_Layout_android_layout_height
androidx.appcompat.R$style: int Base_V7_Widget_AppCompat_EditText
com.google.android.gms.internal.mlkit_vision_text_bundled_common.zbdf: com.google.android.gms.internal.mlkit_vision_text_bundled_common.zbdf zbb
androidx.constraintlayout.widget.R$id: int spacer
com.google.android.gms.internal.mlkit_vision_text_bundled_common.zbabf: com.google.android.gms.internal.mlkit_vision_text_bundled_common.zbpd zbf
androidx.appcompat.R$style: int TextAppearance_AppCompat_Widget_ActionBar_Title
com.google.android.libraries.vision.visionkit.pipeline.zbdm: com.google.android.gms.internal.mlkit_vision_text_bundled_common.zbaar zbV
com.google.android.gms.internal.mlkit_vision_text_bundled_common.zbqm: com.google.android.gms.internal.mlkit_vision_text_bundled_common.zbqo zbe
com.google.android.material.R$styleable: int NavigationView_dividerInsetStart
androidx.appcompat.R$attr: int windowFixedHeightMajor
com.google.android.material.R$style: int Base_Widget_Material3_CardView
com.google.android.material.R$attr: int materialDisplayDividerStyle
androidx.constraintlayout.widget.R$styleable: int MotionScene_layoutDuringTransition
com.google.android.material.R$color: int material_dynamic_secondary60
com.google.android.libraries.vision.visionkit.pipeline.zbbc: int zbd