app/unused.txt
com.simple.phonetics.R$color
com.simple.phonetics.R$drawable
com.simple.phonetics.R$id:
    private void <init>()
com.simple.phonetics.R$layout:
    private void <init>()
com.simple.phonetics.R$mipmap
com.simple.phonetics.R$raw
com.simple.phonetics.R$string:
    private void <init>()
com.simple.phonetics.R$style
com.simple.phonetics.R$xml
com.simple.phonetics.R
com.simple.phonetics.data.task.DefaultSyncTask$executeTask$$inlined$toListOrEmpty$1
com.simple.phonetics.data.task.DefaultSyncTask
com.simple.phonetics.data.task.SyncTask$DefaultImpls:
    public static java.lang.Object executeTask(com.simple.phonetics.data.task.SyncTask,kotlin.Unit,kotlin.coroutines.Continuation)
com.simple.phonetics.domain.usecase.phonetics.GetPhoneticsAsyncUseCase$Param:
    public final java.lang.String component1()
    public final com.simple.phonetics.domain.usecase.phonetics.GetPhoneticsAsyncUseCase$Param copy(java.lang.String)
    public static synthetic com.simple.phonetics.domain.usecase.phonetics.GetPhoneticsAsyncUseCase$Param copy$default(com.simple.phonetics.domain.usecase.phonetics.GetPhoneticsAsyncUseCase$Param,java.lang.String,int,java.lang.Object)
com.simple.phonetics.domain.usecase.phonetics.GetPhoneticsHistoryAsyncUseCase$Param:
    public void <init>()
com.simple.phonetics.domain.usecase.phonetics.GetPhoneticsHistoryAsyncUseCase$execute$$inlined$map$1$2$1:
    java.lang.Object L$0
com.simple.phonetics.ui.adapters.OptionAdapter$1
com.simple.phonetics.ui.adapters.OptionAdapter:
    public void <init>()
    public synthetic void <init>(kotlin.jvm.functions.Function2,int,kotlin.jvm.internal.DefaultConstructorMarker)
com.simple.phonetics.ui.adapters.OptionAdapterKt
com.simple.phonetics.ui.adapters.OptionViewItem:
    public synthetic void <init>(java.lang.String,java.lang.Object,com.simple.coreapp.utils.extentions.Text,boolean,int,kotlin.jvm.internal.DefaultConstructorMarker)
    public void setText(com.simple.coreapp.utils.extentions.Text)
com.simple.phonetics.ui.adapters.TextOptionAdapter$1
com.simple.phonetics.ui.adapters.TextOptionAdapter:
    public void <init>()
    public synthetic void <init>(kotlin.jvm.functions.Function2,int,kotlin.jvm.internal.DefaultConstructorMarker)
com.simple.phonetics.ui.adapters.TextOptionViewItem:
    public synthetic void <init>(java.lang.String,com.simple.coreapp.utils.extentions.Text,boolean,int,kotlin.jvm.internal.DefaultConstructorMarker)
    public final java.lang.String component1()
    public final com.simple.coreapp.utils.extentions.Text component2()
    public final boolean component3()
    public final com.simple.phonetics.ui.adapters.TextOptionViewItem copy(java.lang.String,com.simple.coreapp.utils.extentions.Text,boolean)
    public static synthetic com.simple.phonetics.ui.adapters.TextOptionViewItem copy$default(com.simple.phonetics.ui.adapters.TextOptionViewItem,java.lang.String,com.simple.coreapp.utils.extentions.Text,boolean,int,java.lang.Object)
    public void setText(com.simple.coreapp.utils.extentions.Text)
com.simple.phonetics.ui.adapters.TitleAdapter:
    public void <init>()
com.simple.phonetics.ui.adapters.TitleViewItem:
    public final int getId()
    public final void setPaddingHorizontal(int)
    public final void setText(com.simple.coreapp.utils.extentions.Text)
com.simple.phonetics.ui.phonetics.PhoneticsFragment:
    private final com.simple.adapter.MultiAdapter getAdapter()
...
okhttp3.internal.http.RealInterceptorChain:
    public int connectTimeoutMillis()
    public okhttp3.Connection connection()
    public okhttp3.Interceptor$Chain withConnectTimeout(int,java.util.concurrent.TimeUnit)
    public okhttp3.Interceptor$Chain withReadTimeout(int,java.util.concurrent.TimeUnit)
    public okhttp3.Interceptor$Chain withWriteTimeout(int,java.util.concurrent.TimeUnit)
    public int writeTimeoutMillis()
okhttp3.internal.http.RetryAndFollowUpInterceptor:
    private static final int MAX_FOLLOW_UPS
okhttp3.internal.http.StatusLine$Companion:
    public final okhttp3.internal.http.StatusLine get(okhttp3.Response)
okhttp3.internal.http.StatusLine:
    public static final int HTTP_CONTINUE
    public static final int HTTP_MISDIRECTED_REQUEST
    public static final int HTTP_PERM_REDIRECT
    public static final int HTTP_TEMP_REDIRECT
okhttp3.internal.http1.HeadersReader:
    private static final int HEADER_LIMIT
    public final okio.BufferedSource getSource()
okhttp3.internal.http1.Http1ExchangeCodec$AbstractSource:
    protected final okio.ForwardingTimeout getTimeout()
okhttp3.internal.http1.Http1ExchangeCodec:
    private static final long NO_CHUNK_YET
    private static final int STATE_CLOSED
    private static final int STATE_IDLE
    private static final int STATE_OPEN_REQUEST_BODY
    private static final int STATE_OPEN_RESPONSE_BODY
    private static final int STATE_READING_RESPONSE_BODY
    private static final int STATE_READ_RESPONSE_HEADERS
    private static final int STATE_WRITING_REQUEST_BODY
    public final boolean isClosed()
    public okhttp3.Headers trailers()
okhttp3.internal.http2.Header:
    public static final java.lang.String RESPONSE_STATUS_UTF8
    public static final java.lang.String TARGET_AUTHORITY_UTF8
    public static final java.lang.String TARGET_METHOD_UTF8
    public static final java.lang.String TARGET_PATH_UTF8
    public static final java.lang.String TARGET_SCHEME_UTF8
    public final okhttp3.internal.http2.Header copy(okio.ByteString,okio.ByteString)
    public static synthetic okhttp3.internal.http2.Header copy$default(okhttp3.internal.http2.Header,okio.ByteString,okio.ByteString,int,java.lang.Object)
okhttp3.internal.http2.Hpack$Reader:
    public void <init>(okio.Source,int)
    public final int maxDynamicTableByteCount()
okhttp3.internal.http2.Hpack$Writer:
    public void <init>(int,okio.Buffer)
    public void <init>(okio.Buffer)
okhttp3.internal.http2.Hpack:
    private static final int PREFIX_4_BITS
    private static final int PREFIX_5_BITS
    private static final int PREFIX_6_BITS
    private static final int PREFIX_7_BITS
    private static final int SETTINGS_HEADER_TABLE_SIZE
    private static final int SETTINGS_HEADER_TABLE_SIZE_LIMIT
okhttp3.internal.http2.Http2:
    public static final int FLAG_ACK
    public static final int FLAG_COMPRESSED
    public static final int FLAG_END_HEADERS
    public static final int FLAG_END_PUSH_PROMISE
    public static final int FLAG_END_STREAM
    public static final int FLAG_NONE
    public static final int FLAG_PADDED
    public static final int FLAG_PRIORITY
    public static final int INITIAL_MAX_FRAME_SIZE
    public static final int TYPE_CONTINUATION
    public static final int TYPE_DATA
    public static final int TYPE_GOAWAY
    public static final int TYPE_HEADERS
    public static final int TYPE_PING
    public static final int TYPE_PRIORITY
    public static final int TYPE_PUSH_PROMISE
    public static final int TYPE_RST_STREAM
    public static final int TYPE_SETTINGS
    public static final int TYPE_WINDOW_UPDATE